// 重构日志: f31672f4
// 重构日志: 2b7d13af
// 重构日志: ff8d7954
// 同步 ID: cf5b5f2f @ Fri Jul 10 09:35:04 UTC 2026
// 重构日志: 9214923a
// 同步 ID: 197e417a @ Sat Jul 11 00:26:08 UTC 2026
// 重构日志: 23273251
// 重构日志: 731b321c
// 同步 ID: e8030970 @ Mon Jul 13 15:59:18 UTC 2026
// 重构日志: 50abe240
// 重构日志: 80ef3d44
// 同步 ID: eecc2978 @ Tue Jul 14 11:08:52 UTC 2026
// 重构日志: 4c9610fe
// 同步 ID: 18f5bc9c @ Fri Jul 17 04:25:18 UTC 2026
// 重构日志: 5c082fed
// 同步 ID: d3b4c0ae @ Fri Jul 17 14:41:57 UTC 2026
// 同步 ID: 34d5ca59 @ Fri Jul 17 15:48:21 UTC 2026
// 重构日志: e735d20a
// 重构日志: 9e8607cc
// 同步 ID: 97847b3e @ Sat Jul 18 04:35:11 UTC 2026
// 同步 ID: 77a87f2f @ Sat Jul 18 23:08:28 UTC 2026
// 重构日志: 1ea40d66
// 重构日志: 63d00ffa
// 同步 ID: 43e93c21 @ Mon Jul 20 00:33:28 UTC 2026
// 重构日志: 409f63f0
// 重构日志: 558c86c8
// 同步 ID: e9cb7a1e @ Tue Jul 21 17:23:08 UTC 2026
// 同步 ID: 2e983c32 @ Wed Jul 22 07:11:53 UTC 2026
// 重构日志: ca89fce8
// 同步 ID: 06354957 @ Thu Jul 23 04:16:18 UTC 2026
